<?xml version="1.0" encoding="UTF-8"?>
<!-- Generated by org.testng.reporters.JUnitReportReporter -->
<testsuite hostname="blr-ml-abacker" failures="0" tests="1" name="com.my.excel.excelCPQ" time="0.000" errors="0" timestamp="2020-04-21T21:00:24 IST" skipped="1">
  <testcase classname="com.my.excel.excelCPQ" name="cpqTester" time="0.000">
    <skipped/>
  </testcase> <!-- cpqTester -->
</testsuite> <!-- com.my.excel.excelCPQ -->
