<?xml version="1.0" encoding="UTF-8"?>
<!-- Generated by org.testng.reporters.JUnitReportReporter -->
<testsuite hostname="blr-ml-abacker" failures="0" tests="1" name="com.my.docker.dockerTest" time="4.455" errors="0" timestamp="2020-04-21T21:03:23 IST" skipped="0">
  <testcase classname="com.my.docker.dockerTest" name="createDocker" time="4.455"/>
</testsuite> <!-- com.my.docker.dockerTest -->
