<?xml version="1.0" encoding="UTF-8"?>
<!-- Generated by org.testng.reporters.JUnitReportReporter -->
<testsuite hostname="blr-ml-abacker" failures="0" tests="1" name="com.my.saucelabs.sauceLabs1" time="18.688" errors="0" timestamp="2020-06-09T19:45:54 IST" skipped="0">
  <testcase classname="com.my.saucelabs.sauceLabs1" name="openGmail" time="18.688"/>
</testsuite> <!-- com.my.saucelabs.sauceLabs1 -->
