<?xml version="1.0" encoding="UTF-8"?>
<!-- Generated by org.testng.reporters.JUnitReportReporter -->
<testsuite hostname="blr-ml-abacker" failures="0" tests="1" name="com.my.excel.sauceLabs1" time="6.185" errors="0" timestamp="2020-06-09T19:40:28 IST" skipped="0">
  <testcase classname="com.my.excel.sauceLabs1" name="openGmail" time="6.185"/>
</testsuite> <!-- com.my.excel.sauceLabs1 -->
